
EFREQ:100, UFREQ:100
RSS pages          = 10000
Uncompressed pages = 2000 (20%)
Compressed pages   = 8000 (80%)
0% 20% 40% 60% 80% 100% Done.

=========== Cache-Sim Report ============
Total instructions       : 52500187
  memory instructions    : 21289028
    reads                : 14224666
    writes               : 7064362

L1 accesses              : 21289028   misses: 1012209   MPKI: 19.28010
L2 accesses              : 1012209   misses: 1011907   MPKI: 19.27435

  Clist Accesses: 4335 (0.42840%)
  Unclist Accesses: 197365 (19.50426%)
  Cpage   Accesses: 810207 (80.06734%)
==========================================

EFREQ:100, UFREQ:1000
RSS pages          = 10000
Uncompressed pages = 2000 (20%)
Compressed pages   = 8000 (80%)
0% 20% 40% 60% 80% 100% Done.

=========== Cache-Sim Report ============
Total instructions       : 52500187
  memory instructions    : 21289028
    reads                : 14224666
    writes               : 7064362

L1 accesses              : 21289028   misses: 1012204   MPKI: 19.28001
L2 accesses              : 1012204   misses: 1011907   MPKI: 19.27435

  Clist Accesses: 4336 (0.42850%)
  Unclist Accesses: 197364 (19.50416%)
  Cpage   Accesses: 810207 (80.06734%)
==========================================

EFREQ:100, UFREQ:10000
RSS pages          = 10000
Uncompressed pages = 2000 (20%)
Compressed pages   = 8000 (80%)
0% 20% 40% 60% 80% 100% Done.

=========== Cache-Sim Report ============
Total instructions       : 52500187
  memory instructions    : 21289028
    reads                : 14224666
    writes               : 7064362

L1 accesses              : 21289028   misses: 1012206   MPKI: 19.28005
L2 accesses              : 1012206   misses: 1011906   MPKI: 19.27433

  Clist Accesses: 4335 (0.42840%)
  Unclist Accesses: 197364 (19.50418%)
  Cpage   Accesses: 810207 (80.06742%)
==========================================

EFREQ:100, UFREQ:100000
RSS pages          = 10000
Uncompressed pages = 2000 (20%)
Compressed pages   = 8000 (80%)
0% 20% 40% 60% 80% 100% Done.

=========== Cache-Sim Report ============
Total instructions       : 52500187
  memory instructions    : 21289028
    reads                : 14224666
    writes               : 7064362

L1 accesses              : 21289028   misses: 1012217   MPKI: 19.28026
L2 accesses              : 1012217   misses: 1011913   MPKI: 19.27446

  Clist Accesses: 4336 (0.42850%)
  Unclist Accesses: 197364 (19.50405%)
  Cpage   Accesses: 810213 (80.06746%)
==========================================

EFREQ:100, UFREQ:1000000
RSS pages          = 10000
Uncompressed pages = 2000 (20%)
Compressed pages   = 8000 (80%)
0% 20% 40% 60% 80% 100% Done.

=========== Cache-Sim Report ============
Total instructions       : 52500187
  memory instructions    : 21289028
    reads                : 14224666
    writes               : 7064362

L1 accesses              : 21289028   misses: 1012204   MPKI: 19.28001
L2 accesses              : 1012204   misses: 1011912   MPKI: 19.27445

  Clist Accesses: 4002 (0.39549%)
  Unclist Accesses: 195697 (19.33933%)
  Cpage   Accesses: 812213 (80.26518%)
==========================================

EFREQ:1000, UFREQ:100
RSS pages          = 10000
Uncompressed pages = 2000 (20%)
Compressed pages   = 8000 (80%)
0% 20% 40% 60% 80% 100% Done.

=========== Cache-Sim Report ============
Total instructions       : 52500187
  memory instructions    : 21289028
    reads                : 14224666
    writes               : 7064362

L1 accesses              : 21289028   misses: 1012210   MPKI: 19.28012
L2 accesses              : 1012210   misses: 1011907   MPKI: 19.27435

  Clist Accesses: 4001 (0.39539%)
  Unclist Accesses: 203779 (20.13812%)
  Cpage   Accesses: 804127 (79.46649%)
==========================================

EFREQ:1000, UFREQ:1000
RSS pages          = 10000
Uncompressed pages = 2000 (20%)
Compressed pages   = 8000 (80%)
0% 20% 40% 60% 80% 100% Done.

=========== Cache-Sim Report ============
Total instructions       : 52500187
  memory instructions    : 21289028
    reads                : 14224666
    writes               : 7064362

L1 accesses              : 21289028   misses: 1012206   MPKI: 19.28005
L2 accesses              : 1012206   misses: 1011906   MPKI: 19.27433

  Clist Accesses: 4001 (0.39539%)
  Unclist Accesses: 192723 (19.04554%)
  Cpage   Accesses: 815182 (80.55906%)
==========================================

EFREQ:1000, UFREQ:10000
RSS pages          = 10000
Uncompressed pages = 2000 (20%)
Compressed pages   = 8000 (80%)
0% 20% 40% 60% 80% 100% Done.

=========== Cache-Sim Report ============
Total instructions       : 52500187
  memory instructions    : 21289028
    reads                : 14224666
    writes               : 7064362

L1 accesses              : 21289028   misses: 1012205   MPKI: 19.28003
L2 accesses              : 1012205   misses: 1011907   MPKI: 19.27435

  Clist Accesses: 4001 (0.39539%)
  Unclist Accesses: 192724 (19.04562%)
  Cpage   Accesses: 815182 (80.55899%)
==========================================

EFREQ:1000, UFREQ:100000
RSS pages          = 10000
Uncompressed pages = 2000 (20%)
Compressed pages   = 8000 (80%)
0% 20% 40% 60% 80% 100% Done.

=========== Cache-Sim Report ============
Total instructions       : 52500187
  memory instructions    : 21289028
    reads                : 14224666
    writes               : 7064362

L1 accesses              : 21289028   misses: 1012206   MPKI: 19.28005
L2 accesses              : 1012206   misses: 1011906   MPKI: 19.27433

  Clist Accesses: 4001 (0.39539%)
  Unclist Accesses: 192734 (19.04663%)
  Cpage   Accesses: 815171 (80.55798%)
==========================================

EFREQ:1000, UFREQ:1000000
RSS pages          = 10000
Uncompressed pages = 2000 (20%)
Compressed pages   = 8000 (80%)
0% 20% 40% 60% 80% 100% Done.

=========== Cache-Sim Report ============
Total instructions       : 52500187
  memory instructions    : 21289028
    reads                : 14224666
    writes               : 7064362

L1 accesses              : 21289028   misses: 1012206   MPKI: 19.28005
L2 accesses              : 1012206   misses: 1011907   MPKI: 19.27435

  Clist Accesses: 4001 (0.39539%)
  Unclist Accesses: 192724 (19.04562%)
  Cpage   Accesses: 815182 (80.55899%)
==========================================

EFREQ:10000, UFREQ:100
RSS pages          = 10000
Uncompressed pages = 2000 (20%)
Compressed pages   = 8000 (80%)
0% 20% 40% 60% 80% 100% Done.

=========== Cache-Sim Report ============
Total instructions       : 52500187
  memory instructions    : 21289028
    reads                : 14224666
    writes               : 7064362

L1 accesses              : 21289028   misses: 1012206   MPKI: 19.28005
L2 accesses              : 1012206   misses: 1011906   MPKI: 19.27433

  Clist Accesses: 4000 (0.39529%)
  Unclist Accesses: 198774 (19.64352%)
  Cpage   Accesses: 809132 (79.96118%)
==========================================

EFREQ:10000, UFREQ:1000
RSS pages          = 10000
Uncompressed pages = 2000 (20%)
Compressed pages   = 8000 (80%)
0% 20% 40% 60% 80% 100% Done.

=========== Cache-Sim Report ============
Total instructions       : 52500187
  memory instructions    : 21289028
    reads                : 14224666
    writes               : 7064362

L1 accesses              : 21289028   misses: 1012210   MPKI: 19.28012
L2 accesses              : 1012210   misses: 1011907   MPKI: 19.27435

  Clist Accesses: 4000 (0.39529%)
  Unclist Accesses: 198478 (19.61425%)
  Cpage   Accesses: 809429 (79.99045%)
==========================================

EFREQ:10000, UFREQ:10000
RSS pages          = 10000
Uncompressed pages = 2000 (20%)
Compressed pages   = 8000 (80%)
0% 20% 40% 60% 80% 100% Done.

=========== Cache-Sim Report ============
Total instructions       : 52500187
  memory instructions    : 21289028
    reads                : 14224666
    writes               : 7064362

L1 accesses              : 21289028   misses: 1012206   MPKI: 19.28005
L2 accesses              : 1012206   misses: 1011906   MPKI: 19.27433

  Clist Accesses: 4001 (0.39539%)
  Unclist Accesses: 202272 (19.98921%)
  Cpage   Accesses: 805633 (79.61540%)
==========================================

EFREQ:10000, UFREQ:100000
RSS pages          = 10000
Uncompressed pages = 2000 (20%)
Compressed pages   = 8000 (80%)
0% 20% 40% 60% 80% 100% Done.

=========== Cache-Sim Report ============
Total instructions       : 52500187
  memory instructions    : 21289028
    reads                : 14224666
    writes               : 7064362

L1 accesses              : 21289028   misses: 1012206   MPKI: 19.28005
L2 accesses              : 1012206   misses: 1011906   MPKI: 19.27433

  Clist Accesses: 4001 (0.39539%)
  Unclist Accesses: 202278 (19.98980%)
  Cpage   Accesses: 805627 (79.61481%)
==========================================

EFREQ:10000, UFREQ:1000000
RSS pages          = 10000
Uncompressed pages = 2000 (20%)
Compressed pages   = 8000 (80%)
0% 20% 40% 60% 80% 100% Done.

=========== Cache-Sim Report ============
Total instructions       : 52500187
  memory instructions    : 21289028
    reads                : 14224666
    writes               : 7064362

L1 accesses              : 21289028   misses: 1012209   MPKI: 19.28010
L2 accesses              : 1012209   misses: 1011907   MPKI: 19.27435

  Clist Accesses: 4001 (0.39539%)
  Unclist Accesses: 202274 (19.98939%)
  Cpage   Accesses: 805632 (79.61522%)
==========================================

EFREQ:100000, UFREQ:100
RSS pages          = 10000
Uncompressed pages = 2000 (20%)
Compressed pages   = 8000 (80%)
0% 20% 40% 60% 80% 100% Done.

=========== Cache-Sim Report ============
Total instructions       : 52500187
  memory instructions    : 21289028
    reads                : 14224666
    writes               : 7064362

L1 accesses              : 21289028   misses: 1012201   MPKI: 19.27995
L2 accesses              : 1012201   misses: 1011906   MPKI: 19.27433

  Clist Accesses: 4000 (0.39529%)
  Unclist Accesses: 195219 (19.29221%)
  Cpage   Accesses: 812687 (80.31250%)
==========================================

EFREQ:100000, UFREQ:1000
RSS pages          = 10000
Uncompressed pages = 2000 (20%)
Compressed pages   = 8000 (80%)
0% 20% 40% 60% 80% 100% Done.

=========== Cache-Sim Report ============
Total instructions       : 52500187
  memory instructions    : 21289028
    reads                : 14224666
    writes               : 7064362

L1 accesses              : 21289028   misses: 1012203   MPKI: 19.27999
L2 accesses              : 1012203   misses: 1011907   MPKI: 19.27435

  Clist Accesses: 4000 (0.39529%)
  Unclist Accesses: 195119 (19.28231%)
  Cpage   Accesses: 812788 (80.32240%)
==========================================

EFREQ:100000, UFREQ:10000
RSS pages          = 10000
Uncompressed pages = 2000 (20%)
Compressed pages   = 8000 (80%)
0% 20% 40% 60% 80% 100% Done.

=========== Cache-Sim Report ============
Total instructions       : 52500187
  memory instructions    : 21289028
    reads                : 14224666
    writes               : 7064362

L1 accesses              : 21289028   misses: 1012203   MPKI: 19.27999
L2 accesses              : 1012203   misses: 1011907   MPKI: 19.27435

  Clist Accesses: 4000 (0.39529%)
  Unclist Accesses: 195119 (19.28231%)
  Cpage   Accesses: 812788 (80.32240%)
==========================================

EFREQ:100000, UFREQ:100000
RSS pages          = 10000
Uncompressed pages = 2000 (20%)
Compressed pages   = 8000 (80%)
0% 20% 40% 60% 80% 100% Done.

=========== Cache-Sim Report ============
Total instructions       : 52500187
  memory instructions    : 21289028
    reads                : 14224666
    writes               : 7064362

L1 accesses              : 21289028   misses: 1012206   MPKI: 19.28005
L2 accesses              : 1012206   misses: 1011906   MPKI: 19.27433

  Clist Accesses: 4001 (0.39539%)
  Unclist Accesses: 201915 (19.95393%)
  Cpage   Accesses: 805990 (79.65068%)
==========================================

EFREQ:100000, UFREQ:1000000
RSS pages          = 10000
Uncompressed pages = 2000 (20%)
Compressed pages   = 8000 (80%)
0% 20% 40% 60% 80% 100% Done.

=========== Cache-Sim Report ============
Total instructions       : 52500187
  memory instructions    : 21289028
    reads                : 14224666
    writes               : 7064362

L1 accesses              : 21289028   misses: 1012206   MPKI: 19.28005
L2 accesses              : 1012206   misses: 1011906   MPKI: 19.27433

  Clist Accesses: 4001 (0.39539%)
  Unclist Accesses: 201957 (19.95808%)
  Cpage   Accesses: 805948 (79.64653%)
==========================================

EFREQ:1000000, UFREQ:100
RSS pages          = 10000
Uncompressed pages = 2000 (20%)
Compressed pages   = 8000 (80%)
0% 20% 40% 60% 80% 100% Done.

=========== Cache-Sim Report ============
Total instructions       : 52500187
  memory instructions    : 21289028
    reads                : 14224666
    writes               : 7064362

L1 accesses              : 21289028   misses: 1012214   MPKI: 19.28020
L2 accesses              : 1012214   misses: 1011913   MPKI: 19.27446

  Clist Accesses: 4000 (0.39529%)
  Unclist Accesses: 195025 (19.27290%)
  Cpage   Accesses: 812888 (80.33181%)
==========================================

EFREQ:1000000, UFREQ:1000
RSS pages          = 10000
Uncompressed pages = 2000 (20%)
Compressed pages   = 8000 (80%)
0% 20% 40% 60% 80% 100% Done.

=========== Cache-Sim Report ============
Total instructions       : 52500187
  memory instructions    : 21289028
    reads                : 14224666
    writes               : 7064362

L1 accesses              : 21289028   misses: 1012211   MPKI: 19.28014
L2 accesses              : 1012211   misses: 1011907   MPKI: 19.27435

  Clist Accesses: 4000 (0.39529%)
  Unclist Accesses: 195019 (19.27242%)
  Cpage   Accesses: 812888 (80.33229%)
==========================================

EFREQ:1000000, UFREQ:10000
RSS pages          = 10000
Uncompressed pages = 2000 (20%)
Compressed pages   = 8000 (80%)
0% 20% 40% 60% 80% 100% Done.

=========== Cache-Sim Report ============
Total instructions       : 52500187
  memory instructions    : 21289028
    reads                : 14224666
    writes               : 7064362

L1 accesses              : 21289028   misses: 1012204   MPKI: 19.28001
L2 accesses              : 1012204   misses: 1011912   MPKI: 19.27445

  Clist Accesses: 4000 (0.39529%)
  Unclist Accesses: 195125 (19.28280%)
  Cpage   Accesses: 812787 (80.32191%)
==========================================

EFREQ:1000000, UFREQ:100000
RSS pages          = 10000
Uncompressed pages = 2000 (20%)
Compressed pages   = 8000 (80%)
0% 20% 40% 60% 80% 100% Done.

=========== Cache-Sim Report ============
Total instructions       : 52500187
  memory instructions    : 21289028
    reads                : 14224666
    writes               : 7064362

L1 accesses              : 21289028   misses: 1012206   MPKI: 19.28005
L2 accesses              : 1012206   misses: 1011906   MPKI: 19.27433

  Clist Accesses: 4000 (0.39529%)
  Unclist Accesses: 195119 (19.28232%)
  Cpage   Accesses: 812787 (80.32238%)
==========================================

EFREQ:1000000, UFREQ:1000000
RSS pages          = 10000
Uncompressed pages = 2000 (20%)
Compressed pages   = 8000 (80%)
0% 20% 40% 60% 80% 100% Done.

=========== Cache-Sim Report ============
Total instructions       : 52500187
  memory instructions    : 21289028
    reads                : 14224666
    writes               : 7064362

L1 accesses              : 21289028   misses: 1012208   MPKI: 19.28008
L2 accesses              : 1012208   misses: 1011907   MPKI: 19.27435

  Clist Accesses: 4000 (0.39529%)
  Unclist Accesses: 196138 (19.38301%)
  Cpage   Accesses: 811769 (80.22170%)
==========================================
